time="2023-10-18T15:54:12-04:00" level=info msg="Server is running on port :8080"
time="2023-10-18T15:54:35-04:00" level=info msg="Server is running on port :8080"
time="2023-10-18T15:55:26-04:00" level=info msg="Server is running on port :8080"
time="2023-10-18T15:57:37-04:00" level=error msg="Failed to create a new job" error="write exception: write errors: [E11000 duplicate key error collection: jts.linkedin_jobs index: _id_ dup key: { _id: ObjectId('000000000000000000000000') }]"
time="2023-10-18T15:57:37-04:00" level=error msg="Failed to create a new todo" error="write exception: write errors: [E11000 duplicate key error collection: jts.linkedin_jobs index: _id_ dup key: { _id: ObjectId('000000000000000000000000') }]"
time="2023-10-18T15:57:37-04:00" level=error msg="Failed to create a new job" error="write exception: write errors: [E11000 duplicate key error collection: jts.linkedin_jobs index: _id_ dup key: { _id: ObjectId('000000000000000000000000') }]"
time="2023-10-18T15:57:44-04:00" level=error msg="Failed to create a new job" error="write exception: write errors: [E11000 duplicate key error collection: jts.linkedin_jobs index: _id_ dup key: { _id: ObjectId('000000000000000000000000') }]"
time="2023-10-18T15:57:44-04:00" level=error msg="Failed to create a new todo" error="write exception: write errors: [E11000 duplicate key error collection: jts.linkedin_jobs index: _id_ dup key: { _id: ObjectId('000000000000000000000000') }]"
time="2023-10-18T15:57:44-04:00" level=error msg="Failed to create a new job" error="write exception: write errors: [E11000 duplicate key error collection: jts.linkedin_jobs index: _id_ dup key: { _id: ObjectId('000000000000000000000000') }]"
time="2023-10-18T15:57:54-04:00" level=error msg="Failed to create a new job" error="write exception: write errors: [E11000 duplicate key error collection: jts.linkedin_jobs index: _id_ dup key: { _id: ObjectId('000000000000000000000000') }]"
time="2023-10-18T15:57:54-04:00" level=error msg="Failed to create a new todo" error="write exception: write errors: [E11000 duplicate key error collection: jts.linkedin_jobs index: _id_ dup key: { _id: ObjectId('000000000000000000000000') }]"
time="2023-10-18T15:57:54-04:00" level=error msg="Failed to create a new job" error="write exception: write errors: [E11000 duplicate key error collection: jts.linkedin_jobs index: _id_ dup key: { _id: ObjectId('000000000000000000000000') }]"
time="2023-10-18T15:59:08-04:00" level=error msg="Failed to create a new job" error="write exception: write errors: [E11000 duplicate key error collection: jts.linkedin_jobs index: _id_ dup key: { _id: ObjectId('000000000000000000000000') }]"
time="2023-10-18T15:59:08-04:00" level=error msg="Failed to create a new todo" error="write exception: write errors: [E11000 duplicate key error collection: jts.linkedin_jobs index: _id_ dup key: { _id: ObjectId('000000000000000000000000') }]"
time="2023-10-18T15:59:08-04:00" level=error msg="Failed to create a new job" error="write exception: write errors: [E11000 duplicate key error collection: jts.linkedin_jobs index: _id_ dup key: { _id: ObjectId('000000000000000000000000') }]"
time="2023-10-18T16:00:42-04:00" level=info msg="Server is running on port :8080"
time="2023-10-18T16:00:45-04:00" level=info msg="asdas &{ObjectID(\"000000000000000000000000\")   \n                    Summer 2024 Intern - Software Development - Digital Twin (Masters/PhD)\n                 Cascading Style Sheets (CSS), HTML5, Modular Construction, and Software Design \n              \n                Ansys · Canonsburg, PA       \n        3 weeks ago\n      \n · 173 applicants\n              \n             0001-01-01 00:00:00 +0000 UTC 0001-01-01 00:00:00 +0000 UTC}"
time="2023-10-18T16:00:45-04:00" level=error msg="Failed to create a new job" error="write exception: write errors: [E11000 duplicate key error collection: jts.linkedin_jobs index: _id_ dup key: { _id: ObjectId('000000000000000000000000') }]"
time="2023-10-18T16:00:45-04:00" level=error msg="Failed to create a new todo" error="write exception: write errors: [E11000 duplicate key error collection: jts.linkedin_jobs index: _id_ dup key: { _id: ObjectId('000000000000000000000000') }]"
time="2023-10-18T16:00:45-04:00" level=error msg="Failed to create a new job" error="write exception: write errors: [E11000 duplicate key error collection: jts.linkedin_jobs index: _id_ dup key: { _id: ObjectId('000000000000000000000000') }]"
time="2023-10-18T16:35:01-04:00" level=info msg="Server is running on port :8080"
time="2023-10-18T16:35:36-04:00" level=info msg="asdas &{61d5e831-b057-45bf-94c1-c11412b1067c   \n                    Summer 2024 Intern - Software Development - Digital Twin (Masters/PhD)\n                 Cascading Style Sheets (CSS), HTML5, Modular Construction, and Software Design \n              \n                Ansys · Canonsburg, PA       \n        3 weeks ago\n      \n · 173 applicants\n              \n             2023-10-18 16:35:36.274942 -0400 EDT m=+34.712858043 2023-10-18 16:35:36.274942 -0400 EDT m=+34.712858334}"
time="2023-10-18T16:35:48-04:00" level=info msg="asdas &{f878edf6-b226-4b99-8667-af19a19aacc6   \n                    Summer 2024 Intern - Software Development - Digital Twin (Masters/PhD)\n                 Cascading Style Sheets (CSS), HTML5, Modular Construction, and Software Design \n              \n                Ansys · Canonsburg, PA       \n        3 weeks ago\n      \n · 173 applicants\n              \n             2023-10-18 16:35:48.700655 -0400 EDT m=+47.138609043 2023-10-18 16:35:48.700656 -0400 EDT m=+47.138609251}"
time="2023-10-18T16:35:49-04:00" level=info msg="asdas &{aeb29c26-8986-439f-a8be-05b2a879f78e   \n                    Summer 2024 Intern - Software Development - Digital Twin (Masters/PhD)\n                 Cascading Style Sheets (CSS), HTML5, Modular Construction, and Software Design \n              \n                Ansys · Canonsburg, PA       \n        3 weeks ago\n      \n · 173 applicants\n              \n             2023-10-18 16:35:49.305669 -0400 EDT m=+47.743624709 2023-10-18 16:35:49.305669 -0400 EDT m=+47.743624793}"
time="2023-10-18T16:41:00-04:00" level=info msg="asdas &{524b47f0-2c6e-4d0b-83d6-a9466b788bd3   \n                    Summer 2024 Intern - Software Development - Digital Twin (Masters/PhD)\n                 Cascading Style Sheets (CSS), HTML5, Modular Construction, and Software Design \n              \n                Ansys · Canonsburg, PA       \n        3 weeks ago\n      \n · 173 applicants\n              \n             2023-10-18 16:41:00.880141 -0400 EDT m=+359.319028001 2023-10-18 16:41:00.880141 -0400 EDT m=+359.319028043}"
time="2023-10-18T16:43:37-04:00" level=info msg="Server is running on port :8080"
time="2023-10-18T16:46:53-04:00" level=info msg="Server is running on port :8080"
time="2023-10-18T16:47:09-04:00" level=info msg="Server is running on port :8080"
